[0909/193454.450:ERROR:crash_report_database_win.cc(469)] failed to stat report
[0909/193454.451:ERROR:crash_report_database_win.cc(469)] failed to stat report
[0909/193454.452:ERROR:crash_report_database_win.cc(469)] failed to stat report
[0909/193454.452:ERROR:crash_report_database_win.cc(469)] failed to stat report
[0909/193454.453:ERROR:crash_report_database_win.cc(469)] failed to stat report
[0909/194454.455:ERROR:crash_report_database_win.cc(469)] failed to stat report
[0909/194454.456:ERROR:crash_report_database_win.cc(469)] failed to stat report
[0909/194454.458:ERROR:crash_report_database_win.cc(469)] failed to stat report
[0909/194454.459:ERROR:crash_report_database_win.cc(469)] failed to stat report
[0909/194454.460:ERROR:crash_report_database_win.cc(469)] failed to stat report
[0909/194454.465:ERROR:crash_report_database_win.cc(469)] failed to stat report
[0909/194454.466:ERROR:crash_report_database_win.cc(469)] failed to stat report
[0909/194454.467:ERROR:crash_report_database_win.cc(469)] failed to stat report
[0909/194454.469:ERROR:crash_report_database_win.cc(469)] failed to stat report
[0909/194454.470:ERROR:crash_report_database_win.cc(469)] failed to stat report
[0909/194954.459:ERROR:crash_report_database_win.cc(469)] failed to stat report
[0909/194954.460:ERROR:crash_report_database_win.cc(469)] failed to stat report
[0909/194954.461:ERROR:crash_report_database_win.cc(469)] failed to stat report
[0909/194954.462:ERROR:crash_report_database_win.cc(469)] failed to stat report
[0909/194954.464:ERROR:crash_report_database_win.cc(469)] failed to stat report
[0909/200454.478:ERROR:crash_report_database_win.cc(469)] failed to stat report
[0909/200454.480:ERROR:crash_report_database_win.cc(469)] failed to stat report
[0909/200454.481:ERROR:crash_report_database_win.cc(469)] failed to stat report
[0909/200454.482:ERROR:crash_report_database_win.cc(469)] failed to stat report
[0909/200454.484:ERROR:crash_report_database_win.cc(469)] failed to stat report
[0909/210447.221:ERROR:crash_report_database_win.cc(469)] failed to stat report
[0909/210447.223:ERROR:crash_report_database_win.cc(469)] failed to stat report
[0909/210447.224:ERROR:crash_report_database_win.cc(469)] failed to stat report
[0909/210447.226:ERROR:crash_report_database_win.cc(469)] failed to stat report
[0909/210447.227:ERROR:crash_report_database_win.cc(469)] failed to stat report
[0909/211947.244:ERROR:crash_report_database_win.cc(469)] failed to stat report
[0909/211947.245:ERROR:crash_report_database_win.cc(469)] failed to stat report
[0909/211947.246:ERROR:crash_report_database_win.cc(469)] failed to stat report
[0909/211947.248:ERROR:crash_report_database_win.cc(469)] failed to stat report
[0909/211947.249:ERROR:crash_report_database_win.cc(469)] failed to stat report
[0909/213447.251:ERROR:crash_report_database_win.cc(469)] failed to stat report
[0909/213447.251:ERROR:crash_report_database_win.cc(469)] failed to stat report
[0909/213447.252:ERROR:crash_report_database_win.cc(469)] failed to stat report
[0909/213447.252:ERROR:crash_report_database_win.cc(469)] failed to stat report
[0909/213447.252:ERROR:crash_report_database_win.cc(469)] failed to stat report
[0909/214947.258:ERROR:crash_report_database_win.cc(469)] failed to stat report
[0909/214947.259:ERROR:crash_report_database_win.cc(469)] failed to stat report
[0909/214947.261:ERROR:crash_report_database_win.cc(469)] failed to stat report
[0909/214947.261:ERROR:crash_report_database_win.cc(469)] failed to stat report
[0909/214947.262:ERROR:crash_report_database_win.cc(469)] failed to stat report
[0909/220447.272:ERROR:crash_report_database_win.cc(469)] failed to stat report
[0909/220447.274:ERROR:crash_report_database_win.cc(469)] failed to stat report
[0909/220447.274:ERROR:crash_report_database_win.cc(469)] failed to stat report
[0909/220447.275:ERROR:crash_report_database_win.cc(469)] failed to stat report
[0909/220447.275:ERROR:crash_report_database_win.cc(469)] failed to stat report
[0909/221947.281:ERROR:crash_report_database_win.cc(469)] failed to stat report
[0909/221947.282:ERROR:crash_report_database_win.cc(469)] failed to stat report
[0909/221947.282:ERROR:crash_report_database_win.cc(469)] failed to stat report
[0909/221947.282:ERROR:crash_report_database_win.cc(469)] failed to stat report
[0909/221947.283:ERROR:crash_report_database_win.cc(469)] failed to stat report
[0909/223447.306:ERROR:crash_report_database_win.cc(469)] failed to stat report
[0909/223447.307:ERROR:crash_report_database_win.cc(469)] failed to stat report
[0909/223447.307:ERROR:crash_report_database_win.cc(469)] failed to stat report
[0909/223447.307:ERROR:crash_report_database_win.cc(469)] failed to stat report
[0909/223447.308:ERROR:crash_report_database_win.cc(469)] failed to stat report
[0909/224947.314:ERROR:crash_report_database_win.cc(469)] failed to stat report
[0909/224947.315:ERROR:crash_report_database_win.cc(469)] failed to stat report
[0909/224947.315:ERROR:crash_report_database_win.cc(469)] failed to stat report
[0909/224947.315:ERROR:crash_report_database_win.cc(469)] failed to stat report
[0909/224947.316:ERROR:crash_report_database_win.cc(469)] failed to stat report
[0909/230447.325:ERROR:crash_report_database_win.cc(469)] failed to stat report
[0909/230447.326:ERROR:crash_report_database_win.cc(469)] failed to stat report
[0909/230447.326:ERROR:crash_report_database_win.cc(469)] failed to stat report
[0909/230447.327:ERROR:crash_report_database_win.cc(469)] failed to stat report
[0909/230447.327:ERROR:crash_report_database_win.cc(469)] failed to stat report
[0909/231821.055:ERROR:crash_report_database_win.cc(469)] failed to stat report
[0909/231821.056:ERROR:crash_report_database_win.cc(469)] failed to stat report
[0909/231821.057:ERROR:crash_report_database_win.cc(469)] failed to stat report
[0909/231821.057:ERROR:crash_report_database_win.cc(469)] failed to stat report
[0909/231821.057:ERROR:crash_report_database_win.cc(469)] failed to stat report
[0909/231947.342:ERROR:crash_report_database_win.cc(469)] failed to stat report
[0909/231947.343:ERROR:crash_report_database_win.cc(469)] failed to stat report
[0909/231947.344:ERROR:crash_report_database_win.cc(469)] failed to stat report
[0909/231947.345:ERROR:crash_report_database_win.cc(469)] failed to stat report
[0909/231947.347:ERROR:crash_report_database_win.cc(469)] failed to stat report
[0909/233447.364:ERROR:crash_report_database_win.cc(469)] failed to stat report
[0909/233447.365:ERROR:crash_report_database_win.cc(469)] failed to stat report
[0909/233447.366:ERROR:crash_report_database_win.cc(469)] failed to stat report
[0909/233447.368:ERROR:crash_report_database_win.cc(469)] failed to stat report
[0909/233447.369:ERROR:crash_report_database_win.cc(469)] failed to stat report
[0909/234947.375:ERROR:crash_report_database_win.cc(469)] failed to stat report
[0909/234947.376:ERROR:crash_report_database_win.cc(469)] failed to stat report
[0909/234947.378:ERROR:crash_report_database_win.cc(469)] failed to stat report
[0909/234947.379:ERROR:crash_report_database_win.cc(469)] failed to stat report
[0909/234947.380:ERROR:crash_report_database_win.cc(469)] failed to stat report
[0909/235656.570:ERROR:crash_report_database_win.cc(469)] failed to stat report
[0909/235656.571:ERROR:crash_report_database_win.cc(469)] failed to stat report
[0909/235656.571:ERROR:crash_report_database_win.cc(469)] failed to stat report
[0909/235656.571:ERROR:crash_report_database_win.cc(469)] failed to stat report
[0909/235656.571:ERROR:crash_report_database_win.cc(469)] failed to stat report
[0910/000447.385:ERROR:crash_report_database_win.cc(469)] failed to stat report
[0910/000447.387:ERROR:crash_report_database_win.cc(469)] failed to stat report
[0910/000447.388:ERROR:crash_report_database_win.cc(469)] failed to stat report
[0910/000447.390:ERROR:crash_report_database_win.cc(469)] failed to stat report
[0910/000447.390:ERROR:crash_report_database_win.cc(469)] failed to stat report
[0910/001947.407:ERROR:crash_report_database_win.cc(469)] failed to stat report
[0910/001947.408:ERROR:crash_report_database_win.cc(469)] failed to stat report
[0910/001947.408:ERROR:crash_report_database_win.cc(469)] failed to stat report
[0910/001947.409:ERROR:crash_report_database_win.cc(469)] failed to stat report
[0910/001947.409:ERROR:crash_report_database_win.cc(469)] failed to stat report
[0910/003447.425:ERROR:crash_report_database_win.cc(469)] failed to stat report
[0910/003447.426:ERROR:crash_report_database_win.cc(469)] failed to stat report
[0910/003447.427:ERROR:crash_report_database_win.cc(469)] failed to stat report
[0910/003447.428:ERROR:crash_report_database_win.cc(469)] failed to stat report
[0910/003447.430:ERROR:crash_report_database_win.cc(469)] failed to stat report
[0910/004947.442:ERROR:crash_report_database_win.cc(469)] failed to stat report
[0910/004947.443:ERROR:crash_report_database_win.cc(469)] failed to stat report
[0910/004947.445:ERROR:crash_report_database_win.cc(469)] failed to stat report
[0910/004947.446:ERROR:crash_report_database_win.cc(469)] failed to stat report
[0910/004947.448:ERROR:crash_report_database_win.cc(469)] failed to stat report
[0910/010447.457:ERROR:crash_report_database_win.cc(469)] failed to stat report
[0910/010447.459:ERROR:crash_report_database_win.cc(469)] failed to stat report
[0910/010447.460:ERROR:crash_report_database_win.cc(469)] failed to stat report
[0910/010447.461:ERROR:crash_report_database_win.cc(469)] failed to stat report
[0910/010447.463:ERROR:crash_report_database_win.cc(469)] failed to stat report
[0910/011947.480:ERROR:crash_report_database_win.cc(469)] failed to stat report
[0910/011947.487:ERROR:crash_report_database_win.cc(469)] failed to stat report
[0910/011947.489:ERROR:crash_report_database_win.cc(469)] failed to stat report
[0910/011947.490:ERROR:crash_report_database_win.cc(469)] failed to stat report
[0910/011947.491:ERROR:crash_report_database_win.cc(469)] failed to stat report
[0910/013447.500:ERROR:crash_report_database_win.cc(469)] failed to stat report
[0910/013447.501:ERROR:crash_report_database_win.cc(469)] failed to stat report
[0910/013447.502:ERROR:crash_report_database_win.cc(469)] failed to stat report
[0910/013447.503:ERROR:crash_report_database_win.cc(469)] failed to stat report
[0910/013447.504:ERROR:crash_report_database_win.cc(469)] failed to stat report
[0910/013708.300:ERROR:crash_report_database_win.cc(469)] failed to stat report
[0910/013708.301:ERROR:crash_report_database_win.cc(469)] failed to stat report
[0910/013708.302:ERROR:crash_report_database_win.cc(469)] failed to stat report
[0910/013708.302:ERROR:crash_report_database_win.cc(469)] failed to stat report
[0910/013708.302:ERROR:crash_report_database_win.cc(469)] failed to stat report
[0910/014947.508:ERROR:crash_report_database_win.cc(469)] failed to stat report
[0910/014947.509:ERROR:crash_report_database_win.cc(469)] failed to stat report
[0910/014947.510:ERROR:crash_report_database_win.cc(469)] failed to stat report
[0910/014947.511:ERROR:crash_report_database_win.cc(469)] failed to stat report
[0910/014947.512:ERROR:crash_report_database_win.cc(469)] failed to stat report
[0910/020447.529:ERROR:crash_report_database_win.cc(469)] failed to stat report
[0910/020447.530:ERROR:crash_report_database_win.cc(469)] failed to stat report
[0910/020447.532:ERROR:crash_report_database_win.cc(469)] failed to stat report
[0910/020447.533:ERROR:crash_report_database_win.cc(469)] failed to stat report
[0910/020447.534:ERROR:crash_report_database_win.cc(469)] failed to stat report
<<<<<<< HEAD
[1008/171814.303:ERROR:directory_reader_win.cc(43)] FindFirstFile: The system cannot find the path specified. (0x3)
[1026/023238.981:ERROR:directory_reader_win.cc(43)] FindFirstFile: The system cannot find the path specified. (0x3)
=======
[1024/040453.998:ERROR:directory_reader_win.cc(43)] FindFirstFile: The system cannot find the path specified. (0x3)
[1024/070828.957:ERROR:directory_reader_win.cc(43)] FindFirstFile: The system cannot find the path specified. (0x3)
>>>>>>> ba9fd1603f54bbf58ed6d16ddb46b213fb16d972
